<?xml version="1.0" encoding="UTF-8"?>
<!-- Generated by org.testng.reporters.JUnitReportReporter -->
<testsuite skipped="0" hostname="DESKTOP-BKH1E4P" name="test_scripts.LoginTestScript" tests="1" failures="0" timestamp="2022-02-02T15:27:10 IST" time="25.726" errors="0">
  <testcase name="test" time="25.726" classname="test_scripts.LoginTestScript"/>
  <system-out/>
</testsuite> <!-- test_scripts.LoginTestScript -->
